2025-08-20T20:00:37.442+05:30  INFO 5151 --- [main] d.s.m.ProductRepositoryTest              : Starting ProductRepositoryTest using Java 21.0.8 with PID 5151 (started by shantanukumar in /Users/shantanukumar/IdeaProjects/mcProductService)
2025-08-20T20:00:37.444+05:30  INFO 5151 --- [main] d.s.m.ProductRepositoryTest              : The following 1 profile is active: "test"
2025-08-20T20:00:37.630+05:30  INFO 5151 --- [main] .s.d.r.c.RepositoryConfigurationDelegate : Bootstrapping Spring Data JPA repositories in DEFAULT mode.
2025-08-20T20:00:37.712+05:30  INFO 5151 --- [main] .s.d.r.c.RepositoryConfigurationDelegate : Finished Spring Data repository scanning in 78 ms. Found 1 JPA repository interfaces.
2025-08-20T20:00:37.743+05:30  INFO 5151 --- [main] beddedDataSourceBeanFactoryPostProcessor : Replacing 'dataSource' DataSource bean with embedded version
2025-08-20T20:00:37.819+05:30  INFO 5151 --- [main] o.s.j.d.e.EmbeddedDatabaseFactory        : Starting embedded database: url='jdbc:h2:mem:e5d9d3f8-1621-4805-ad2c-0ab155bf0cd6;DB_CLOSE_DELAY=-1;DB_CLOSE_ON_EXIT=false', username='sa'
2025-08-20T20:00:37.981+05:30  INFO 5151 --- [main] o.hibernate.jpa.internal.util.LogHelper  : HHH000204: Processing PersistenceUnitInfo [name: default]
2025-08-20T20:00:38.010+05:30  INFO 5151 --- [main] org.hibernate.Version                    : HHH000412: Hibernate ORM core version 6.2.9.Final
2025-08-20T20:00:38.012+05:30  INFO 5151 --- [main] org.hibernate.cfg.Environment            : HHH000406: Using bytecode reflection optimizer
2025-08-20T20:00:38.071+05:30  INFO 5151 --- [main] o.h.b.i.BytecodeProviderInitiator        : HHH000021: Bytecode provider name : bytebuddy
2025-08-20T20:00:38.134+05:30  INFO 5151 --- [main] o.s.o.j.p.SpringPersistenceUnitInfo      : No LoadTimeWeaver setup: ignoring JPA class transformer
2025-08-20T20:00:38.240+05:30  INFO 5151 --- [main] o.h.b.i.BytecodeProviderInitiator        : HHH000021: Bytecode provider name : bytebuddy
2025-08-20T20:00:38.506+05:30  INFO 5151 --- [main] o.h.e.t.j.p.i.JtaPlatformInitiator       : HHH000490: Using JtaPlatform implementation: [org.hibernate.engine.transaction.jta.platform.internal.NoJtaPlatform]
2025-08-20T20:00:38.526+05:30 DEBUG 5151 --- [main] org.hibernate.SQL                        : create table product (product_id bigint generated by default as identity, brand varchar(255), price integer, product_name varchar(255), quantity integer, primary key (product_id))
2025-08-20T20:00:38.531+05:30  INFO 5151 --- [main] j.LocalContainerEntityManagerFactoryBean : Initialized JPA EntityManagerFactory for persistence unit 'default'
2025-08-20T20:00:38.938+05:30  INFO 5151 --- [main] o.s.d.j.r.query.QueryEnhancerFactory     : Hibernate is in classpath; If applicable, HQL parser will be used.
2025-08-20T20:00:39.201+05:30  INFO 5151 --- [main] d.s.m.ProductRepositoryTest              : Started ProductRepositoryTest in 1.968 seconds (process running for 2.665)
2025-08-20T20:00:39.440+05:30 DEBUG 5151 --- [main] org.hibernate.SQL                        : insert into product (brand,price,product_name,quantity,product_id) values (?,?,?,?,default)
2025-08-20T20:00:39.441+05:30 TRACE 5151 --- [main] org.hibernate.orm.jdbc.bind              : binding parameter [1] as [VARCHAR] - [Brand]
2025-08-20T20:00:39.442+05:30 TRACE 5151 --- [main] org.hibernate.orm.jdbc.bind              : binding parameter [2] as [INTEGER] - [100]
2025-08-20T20:00:39.442+05:30 TRACE 5151 --- [main] org.hibernate.orm.jdbc.bind              : binding parameter [3] as [VARCHAR] - [Test]
2025-08-20T20:00:39.442+05:30 TRACE 5151 --- [main] org.hibernate.orm.jdbc.bind              : binding parameter [4] as [INTEGER] - [10]
2025-08-20T20:00:39.478+05:30 DEBUG 5151 --- [main] org.hibernate.SQL                        : select p1_0.product_name,p1_0.price from product p1_0 where p1_0.brand=?
2025-08-20T20:00:39.479+05:30 TRACE 5151 --- [main] org.hibernate.orm.jdbc.bind              : binding parameter [1] as [VARCHAR] - [Brand]
2025-08-20T20:00:39.519+05:30  INFO 5151 --- [SpringApplicationShutdownHook] j.LocalContainerEntityManagerFactoryBean : Closing JPA EntityManagerFactory for persistence unit 'default'
2025-08-20T20:27:39.202+05:30  INFO 6365 --- [main] d.s.m.ProductRepositoryTest              : Starting ProductRepositoryTest using Java 21.0.8 with PID 6365 (started by shantanukumar in /Users/shantanukumar/IdeaProjects/mcProductService)
2025-08-20T20:27:39.203+05:30  INFO 6365 --- [main] d.s.m.ProductRepositoryTest              : The following 1 profile is active: "test"
2025-08-20T20:27:39.385+05:30  INFO 6365 --- [main] .s.d.r.c.RepositoryConfigurationDelegate : Bootstrapping Spring Data JPA repositories in DEFAULT mode.
2025-08-20T20:27:39.464+05:30  INFO 6365 --- [main] .s.d.r.c.RepositoryConfigurationDelegate : Finished Spring Data repository scanning in 75 ms. Found 1 JPA repository interfaces.
2025-08-20T20:27:39.495+05:30  INFO 6365 --- [main] beddedDataSourceBeanFactoryPostProcessor : Replacing 'dataSource' DataSource bean with embedded version
2025-08-20T20:27:39.585+05:30  INFO 6365 --- [main] o.s.j.d.e.EmbeddedDatabaseFactory        : Starting embedded database: url='jdbc:h2:mem:f86bcde2-3f91-451c-88ae-99479cc373fa;DB_CLOSE_DELAY=-1;DB_CLOSE_ON_EXIT=false', username='sa'
2025-08-20T20:27:39.734+05:30  INFO 6365 --- [main] o.hibernate.jpa.internal.util.LogHelper  : HHH000204: Processing PersistenceUnitInfo [name: default]
2025-08-20T20:27:39.763+05:30  INFO 6365 --- [main] org.hibernate.Version                    : HHH000412: Hibernate ORM core version 6.2.9.Final
2025-08-20T20:27:39.764+05:30  INFO 6365 --- [main] org.hibernate.cfg.Environment            : HHH000406: Using bytecode reflection optimizer
2025-08-20T20:27:39.824+05:30  INFO 6365 --- [main] o.h.b.i.BytecodeProviderInitiator        : HHH000021: Bytecode provider name : bytebuddy
2025-08-20T20:27:39.880+05:30  INFO 6365 --- [main] o.s.o.j.p.SpringPersistenceUnitInfo      : No LoadTimeWeaver setup: ignoring JPA class transformer
2025-08-20T20:27:39.987+05:30  INFO 6365 --- [main] o.h.b.i.BytecodeProviderInitiator        : HHH000021: Bytecode provider name : bytebuddy
2025-08-20T20:27:40.255+05:30  INFO 6365 --- [main] o.h.e.t.j.p.i.JtaPlatformInitiator       : HHH000490: Using JtaPlatform implementation: [org.hibernate.engine.transaction.jta.platform.internal.NoJtaPlatform]
2025-08-20T20:27:40.275+05:30 DEBUG 6365 --- [main] org.hibernate.SQL                        : create table product (product_id bigint generated by default as identity, brand varchar(255), price integer, product_name varchar(255), quantity integer, primary key (product_id))
2025-08-20T20:27:40.279+05:30  INFO 6365 --- [main] j.LocalContainerEntityManagerFactoryBean : Initialized JPA EntityManagerFactory for persistence unit 'default'
2025-08-20T20:27:40.666+05:30  INFO 6365 --- [main] o.s.d.j.r.query.QueryEnhancerFactory     : Hibernate is in classpath; If applicable, HQL parser will be used.
2025-08-20T20:27:40.900+05:30  INFO 6365 --- [main] d.s.m.ProductRepositoryTest              : Started ProductRepositoryTest in 1.929 seconds (process running for 2.509)
2025-08-20T20:27:41.231+05:30 DEBUG 6365 --- [main] org.hibernate.SQL                        : insert into product (brand,price,product_name,quantity,product_id) values (?,?,?,?,default)
2025-08-20T20:27:41.232+05:30 TRACE 6365 --- [main] org.hibernate.orm.jdbc.bind              : binding parameter [1] as [VARCHAR] - [Brand]
2025-08-20T20:27:41.232+05:30 TRACE 6365 --- [main] org.hibernate.orm.jdbc.bind              : binding parameter [2] as [INTEGER] - [100]
2025-08-20T20:27:41.232+05:30 TRACE 6365 --- [main] org.hibernate.orm.jdbc.bind              : binding parameter [3] as [VARCHAR] - [Test]
2025-08-20T20:27:41.232+05:30 TRACE 6365 --- [main] org.hibernate.orm.jdbc.bind              : binding parameter [4] as [INTEGER] - [10]
2025-08-20T20:27:41.281+05:30 DEBUG 6365 --- [main] org.hibernate.SQL                        : select p1_0.product_id,p1_0.brand,p1_0.price,p1_0.product_name,p1_0.quantity from product p1_0 where p1_0.brand like ? escape '\' order by p1_0.price desc,p1_0.brand offset ? rows fetch first ? rows only
2025-08-20T20:27:41.282+05:30 TRACE 6365 --- [main] org.hibernate.orm.jdbc.bind              : binding parameter [1] as [VARCHAR] - [%Brand%]
2025-08-20T20:27:41.282+05:30 TRACE 6365 --- [main] org.hibernate.orm.jdbc.bind              : binding parameter [2] as [INTEGER] - [0]
2025-08-20T20:27:41.282+05:30 TRACE 6365 --- [main] org.hibernate.orm.jdbc.bind              : binding parameter [3] as [INTEGER] - [2]
2025-08-20T20:27:41.317+05:30  INFO 6365 --- [SpringApplicationShutdownHook] j.LocalContainerEntityManagerFactoryBean : Closing JPA EntityManagerFactory for persistence unit 'default'
2025-08-20T20:29:36.101+05:30  INFO 6476 --- [main] d.s.m.ProductRepositoryTest              : Starting ProductRepositoryTest using Java 21.0.8 with PID 6476 (started by shantanukumar in /Users/shantanukumar/IdeaProjects/mcProductService)
2025-08-20T20:29:36.102+05:30  INFO 6476 --- [main] d.s.m.ProductRepositoryTest              : The following 1 profile is active: "test"
2025-08-20T20:29:36.279+05:30  INFO 6476 --- [main] .s.d.r.c.RepositoryConfigurationDelegate : Bootstrapping Spring Data JPA repositories in DEFAULT mode.
2025-08-20T20:29:36.357+05:30  INFO 6476 --- [main] .s.d.r.c.RepositoryConfigurationDelegate : Finished Spring Data repository scanning in 74 ms. Found 1 JPA repository interfaces.
2025-08-20T20:29:36.388+05:30  INFO 6476 --- [main] beddedDataSourceBeanFactoryPostProcessor : Replacing 'dataSource' DataSource bean with embedded version
2025-08-20T20:29:36.474+05:30  INFO 6476 --- [main] o.s.j.d.e.EmbeddedDatabaseFactory        : Starting embedded database: url='jdbc:h2:mem:67cb47e1-c0b3-474d-b33f-84588968a33c;DB_CLOSE_DELAY=-1;DB_CLOSE_ON_EXIT=false', username='sa'
2025-08-20T20:29:36.622+05:30  INFO 6476 --- [main] o.hibernate.jpa.internal.util.LogHelper  : HHH000204: Processing PersistenceUnitInfo [name: default]
2025-08-20T20:29:36.647+05:30  INFO 6476 --- [main] org.hibernate.Version                    : HHH000412: Hibernate ORM core version 6.2.9.Final
2025-08-20T20:29:36.648+05:30  INFO 6476 --- [main] org.hibernate.cfg.Environment            : HHH000406: Using bytecode reflection optimizer
2025-08-20T20:29:36.718+05:30  INFO 6476 --- [main] o.h.b.i.BytecodeProviderInitiator        : HHH000021: Bytecode provider name : bytebuddy
2025-08-20T20:29:36.778+05:30  INFO 6476 --- [main] o.s.o.j.p.SpringPersistenceUnitInfo      : No LoadTimeWeaver setup: ignoring JPA class transformer
2025-08-20T20:29:36.879+05:30  INFO 6476 --- [main] o.h.b.i.BytecodeProviderInitiator        : HHH000021: Bytecode provider name : bytebuddy
2025-08-20T20:29:37.142+05:30  INFO 6476 --- [main] o.h.e.t.j.p.i.JtaPlatformInitiator       : HHH000490: Using JtaPlatform implementation: [org.hibernate.engine.transaction.jta.platform.internal.NoJtaPlatform]
2025-08-20T20:29:37.161+05:30 DEBUG 6476 --- [main] org.hibernate.SQL                        : create table product (product_id bigint generated by default as identity, brand varchar(255), price integer, product_name varchar(255), quantity integer, primary key (product_id))
2025-08-20T20:29:37.166+05:30  INFO 6476 --- [main] j.LocalContainerEntityManagerFactoryBean : Initialized JPA EntityManagerFactory for persistence unit 'default'
2025-08-20T20:29:37.549+05:30  INFO 6476 --- [main] o.s.d.j.r.query.QueryEnhancerFactory     : Hibernate is in classpath; If applicable, HQL parser will be used.
2025-08-20T20:29:37.774+05:30  INFO 6476 --- [main] d.s.m.ProductRepositoryTest              : Started ProductRepositoryTest in 1.886 seconds (process running for 2.434)
2025-08-20T20:29:38.106+05:30 DEBUG 6476 --- [main] org.hibernate.SQL                        : insert into product (brand,price,product_name,quantity,product_id) values (?,?,?,?,default)
2025-08-20T20:29:38.108+05:30 TRACE 6476 --- [main] org.hibernate.orm.jdbc.bind              : binding parameter [1] as [VARCHAR] - [Brand]
2025-08-20T20:29:38.108+05:30 TRACE 6476 --- [main] org.hibernate.orm.jdbc.bind              : binding parameter [2] as [INTEGER] - [100]
2025-08-20T20:29:38.108+05:30 TRACE 6476 --- [main] org.hibernate.orm.jdbc.bind              : binding parameter [3] as [VARCHAR] - [Test]
2025-08-20T20:29:38.108+05:30 TRACE 6476 --- [main] org.hibernate.orm.jdbc.bind              : binding parameter [4] as [INTEGER] - [10]
2025-08-20T20:29:38.147+05:30 DEBUG 6476 --- [main] org.hibernate.SQL                        : select p1_0.product_name,p1_0.price from product p1_0 where p1_0.brand=?
2025-08-20T20:29:38.147+05:30 TRACE 6476 --- [main] org.hibernate.orm.jdbc.bind              : binding parameter [1] as [VARCHAR] - [Brand]
2025-08-20T20:29:38.189+05:30  INFO 6476 --- [SpringApplicationShutdownHook] j.LocalContainerEntityManagerFactoryBean : Closing JPA EntityManagerFactory for persistence unit 'default'
2025-08-20T20:30:31.655+05:30  INFO 6554 --- [main] d.s.m.ProductRepositoryTest              : Starting ProductRepositoryTest using Java 21.0.8 with PID 6554 (started by shantanukumar in /Users/shantanukumar/IdeaProjects/mcProductService)
2025-08-20T20:30:31.656+05:30  INFO 6554 --- [main] d.s.m.ProductRepositoryTest              : The following 1 profile is active: "test"
2025-08-20T20:30:31.851+05:30  INFO 6554 --- [main] .s.d.r.c.RepositoryConfigurationDelegate : Bootstrapping Spring Data JPA repositories in DEFAULT mode.
2025-08-20T20:30:31.935+05:30  INFO 6554 --- [main] .s.d.r.c.RepositoryConfigurationDelegate : Finished Spring Data repository scanning in 80 ms. Found 1 JPA repository interfaces.
2025-08-20T20:30:31.965+05:30  INFO 6554 --- [main] beddedDataSourceBeanFactoryPostProcessor : Replacing 'dataSource' DataSource bean with embedded version
2025-08-20T20:30:32.049+05:30  INFO 6554 --- [main] o.s.j.d.e.EmbeddedDatabaseFactory        : Starting embedded database: url='jdbc:h2:mem:6aaea81c-1062-4439-958f-2e6dc35cfd36;DB_CLOSE_DELAY=-1;DB_CLOSE_ON_EXIT=false', username='sa'
2025-08-20T20:30:32.200+05:30  INFO 6554 --- [main] o.hibernate.jpa.internal.util.LogHelper  : HHH000204: Processing PersistenceUnitInfo [name: default]
2025-08-20T20:30:32.226+05:30  INFO 6554 --- [main] org.hibernate.Version                    : HHH000412: Hibernate ORM core version 6.2.9.Final
2025-08-20T20:30:32.227+05:30  INFO 6554 --- [main] org.hibernate.cfg.Environment            : HHH000406: Using bytecode reflection optimizer
2025-08-20T20:30:32.280+05:30  INFO 6554 --- [main] o.h.b.i.BytecodeProviderInitiator        : HHH000021: Bytecode provider name : bytebuddy
2025-08-20T20:30:32.336+05:30  INFO 6554 --- [main] o.s.o.j.p.SpringPersistenceUnitInfo      : No LoadTimeWeaver setup: ignoring JPA class transformer
2025-08-20T20:30:32.434+05:30  INFO 6554 --- [main] o.h.b.i.BytecodeProviderInitiator        : HHH000021: Bytecode provider name : bytebuddy
2025-08-20T20:30:32.689+05:30  INFO 6554 --- [main] o.h.e.t.j.p.i.JtaPlatformInitiator       : HHH000490: Using JtaPlatform implementation: [org.hibernate.engine.transaction.jta.platform.internal.NoJtaPlatform]
2025-08-20T20:30:32.709+05:30 DEBUG 6554 --- [main] org.hibernate.SQL                        : create table product (product_id bigint generated by default as identity, brand varchar(255), price integer, product_name varchar(255), quantity integer, primary key (product_id))
2025-08-20T20:30:32.714+05:30  INFO 6554 --- [main] j.LocalContainerEntityManagerFactoryBean : Initialized JPA EntityManagerFactory for persistence unit 'default'
2025-08-20T20:30:33.077+05:30  INFO 6554 --- [main] o.s.d.j.r.query.QueryEnhancerFactory     : Hibernate is in classpath; If applicable, HQL parser will be used.
2025-08-20T20:30:33.308+05:30  INFO 6554 --- [main] d.s.m.ProductRepositoryTest              : Started ProductRepositoryTest in 1.87 seconds (process running for 2.402)
2025-08-20T20:30:33.636+05:30 DEBUG 6554 --- [main] org.hibernate.SQL                        : insert into product (brand,price,product_name,quantity,product_id) values (?,?,?,?,default)
2025-08-20T20:30:33.638+05:30 TRACE 6554 --- [main] org.hibernate.orm.jdbc.bind              : binding parameter [1] as [VARCHAR] - [Brand]
2025-08-20T20:30:33.638+05:30 TRACE 6554 --- [main] org.hibernate.orm.jdbc.bind              : binding parameter [2] as [INTEGER] - [100]
2025-08-20T20:30:33.638+05:30 TRACE 6554 --- [main] org.hibernate.orm.jdbc.bind              : binding parameter [3] as [VARCHAR] - [Test]
2025-08-20T20:30:33.638+05:30 TRACE 6554 --- [main] org.hibernate.orm.jdbc.bind              : binding parameter [4] as [INTEGER] - [10]
2025-08-20T20:30:33.682+05:30 DEBUG 6554 --- [main] org.hibernate.SQL                        : select p1_0.product_name,p1_0.price from product p1_0 where p1_0.brand=?
2025-08-20T20:30:33.683+05:30 TRACE 6554 --- [main] org.hibernate.orm.jdbc.bind              : binding parameter [1] as [VARCHAR] - [Brand]
2025-08-20T20:30:33.720+05:30 DEBUG 6554 --- [main] org.hibernate.SQL                        : insert into product (brand,price,product_name,quantity,product_id) values (?,?,?,?,default)
2025-08-20T20:30:33.720+05:30 TRACE 6554 --- [main] org.hibernate.orm.jdbc.bind              : binding parameter [1] as [VARCHAR] - [Brand]
2025-08-20T20:30:33.720+05:30 TRACE 6554 --- [main] org.hibernate.orm.jdbc.bind              : binding parameter [2] as [INTEGER] - [100]
2025-08-20T20:30:33.721+05:30 TRACE 6554 --- [main] org.hibernate.orm.jdbc.bind              : binding parameter [3] as [VARCHAR] - [Test]
2025-08-20T20:30:33.721+05:30 TRACE 6554 --- [main] org.hibernate.orm.jdbc.bind              : binding parameter [4] as [INTEGER] - [10]
2025-08-20T20:30:33.734+05:30 DEBUG 6554 --- [main] org.hibernate.SQL                        : insert into product (brand,price,product_name,quantity,product_id) values (?,?,?,?,default)
2025-08-20T20:30:33.734+05:30 TRACE 6554 --- [main] org.hibernate.orm.jdbc.bind              : binding parameter [1] as [VARCHAR] - [Brand]
2025-08-20T20:30:33.734+05:30 TRACE 6554 --- [main] org.hibernate.orm.jdbc.bind              : binding parameter [2] as [INTEGER] - [100]
2025-08-20T20:30:33.735+05:30 TRACE 6554 --- [main] org.hibernate.orm.jdbc.bind              : binding parameter [3] as [VARCHAR] - [Test]
2025-08-20T20:30:33.735+05:30 TRACE 6554 --- [main] org.hibernate.orm.jdbc.bind              : binding parameter [4] as [INTEGER] - [10]
2025-08-20T20:30:33.741+05:30 DEBUG 6554 --- [main] org.hibernate.SQL                        : insert into product (brand,price,product_name,quantity,product_id) values (?,?,?,?,default)
2025-08-20T20:30:33.741+05:30 TRACE 6554 --- [main] org.hibernate.orm.jdbc.bind              : binding parameter [1] as [VARCHAR] - [Brand]
2025-08-20T20:30:33.741+05:30 TRACE 6554 --- [main] org.hibernate.orm.jdbc.bind              : binding parameter [2] as [INTEGER] - [100]
2025-08-20T20:30:33.741+05:30 TRACE 6554 --- [main] org.hibernate.orm.jdbc.bind              : binding parameter [3] as [VARCHAR] - [Test]
2025-08-20T20:30:33.741+05:30 TRACE 6554 --- [main] org.hibernate.orm.jdbc.bind              : binding parameter [4] as [INTEGER] - [10]
2025-08-20T20:30:33.763+05:30 DEBUG 6554 --- [main] org.hibernate.SQL                        : select p1_0.product_id,p1_0.brand,p1_0.price,p1_0.product_name,p1_0.quantity from product p1_0 where p1_0.brand like ? escape '\' order by p1_0.price desc,p1_0.brand offset ? rows fetch first ? rows only
2025-08-20T20:30:33.764+05:30 TRACE 6554 --- [main] org.hibernate.orm.jdbc.bind              : binding parameter [1] as [VARCHAR] - [%Brand%]
2025-08-20T20:30:33.764+05:30 TRACE 6554 --- [main] org.hibernate.orm.jdbc.bind              : binding parameter [2] as [INTEGER] - [0]
2025-08-20T20:30:33.764+05:30 TRACE 6554 --- [main] org.hibernate.orm.jdbc.bind              : binding parameter [3] as [INTEGER] - [2]
2025-08-20T20:30:33.769+05:30  INFO 6554 --- [SpringApplicationShutdownHook] j.LocalContainerEntityManagerFactoryBean : Closing JPA EntityManagerFactory for persistence unit 'default'
2025-08-20T20:32:32.443+05:30  INFO 6688 --- [main] d.s.m.ProductRepositoryTest              : Starting ProductRepositoryTest using Java 21.0.8 with PID 6688 (started by shantanukumar in /Users/shantanukumar/IdeaProjects/mcProductService)
2025-08-20T20:32:32.444+05:30  INFO 6688 --- [main] d.s.m.ProductRepositoryTest              : The following 1 profile is active: "test"
2025-08-20T20:32:32.620+05:30  INFO 6688 --- [main] .s.d.r.c.RepositoryConfigurationDelegate : Bootstrapping Spring Data JPA repositories in DEFAULT mode.
2025-08-20T20:32:32.704+05:30  INFO 6688 --- [main] .s.d.r.c.RepositoryConfigurationDelegate : Finished Spring Data repository scanning in 79 ms. Found 1 JPA repository interfaces.
2025-08-20T20:32:32.734+05:30  INFO 6688 --- [main] beddedDataSourceBeanFactoryPostProcessor : Replacing 'dataSource' DataSource bean with embedded version
2025-08-20T20:32:32.818+05:30  INFO 6688 --- [main] o.s.j.d.e.EmbeddedDatabaseFactory        : Starting embedded database: url='jdbc:h2:mem:15e61860-5504-49a7-a9d5-ac0e5672a5ba;DB_CLOSE_DELAY=-1;DB_CLOSE_ON_EXIT=false', username='sa'
2025-08-20T20:32:32.969+05:30  INFO 6688 --- [main] o.hibernate.jpa.internal.util.LogHelper  : HHH000204: Processing PersistenceUnitInfo [name: default]
2025-08-20T20:32:32.995+05:30  INFO 6688 --- [main] org.hibernate.Version                    : HHH000412: Hibernate ORM core version 6.2.9.Final
2025-08-20T20:32:32.996+05:30  INFO 6688 --- [main] org.hibernate.cfg.Environment            : HHH000406: Using bytecode reflection optimizer
2025-08-20T20:32:33.051+05:30  INFO 6688 --- [main] o.h.b.i.BytecodeProviderInitiator        : HHH000021: Bytecode provider name : bytebuddy
2025-08-20T20:32:33.106+05:30  INFO 6688 --- [main] o.s.o.j.p.SpringPersistenceUnitInfo      : No LoadTimeWeaver setup: ignoring JPA class transformer
2025-08-20T20:32:33.203+05:30  INFO 6688 --- [main] o.h.b.i.BytecodeProviderInitiator        : HHH000021: Bytecode provider name : bytebuddy
2025-08-20T20:32:33.469+05:30  INFO 6688 --- [main] o.h.e.t.j.p.i.JtaPlatformInitiator       : HHH000490: Using JtaPlatform implementation: [org.hibernate.engine.transaction.jta.platform.internal.NoJtaPlatform]
2025-08-20T20:32:33.489+05:30 DEBUG 6688 --- [main] org.hibernate.SQL                        : create table product (product_id bigint generated by default as identity, brand varchar(255), price integer, product_name varchar(255), quantity integer, primary key (product_id))
2025-08-20T20:32:33.493+05:30  INFO 6688 --- [main] j.LocalContainerEntityManagerFactoryBean : Initialized JPA EntityManagerFactory for persistence unit 'default'
2025-08-20T20:32:33.872+05:30  INFO 6688 --- [main] o.s.d.j.r.query.QueryEnhancerFactory     : Hibernate is in classpath; If applicable, HQL parser will be used.
2025-08-20T20:32:34.104+05:30  INFO 6688 --- [main] d.s.m.ProductRepositoryTest              : Started ProductRepositoryTest in 1.878 seconds (process running for 2.411)
2025-08-20T20:32:34.436+05:30 DEBUG 6688 --- [main] org.hibernate.SQL                        : insert into product (brand,price,product_name,quantity,product_id) values (?,?,?,?,default)
2025-08-20T20:32:34.437+05:30 TRACE 6688 --- [main] org.hibernate.orm.jdbc.bind              : binding parameter [1] as [VARCHAR] - [Brand]
2025-08-20T20:32:34.437+05:30 TRACE 6688 --- [main] org.hibernate.orm.jdbc.bind              : binding parameter [2] as [INTEGER] - [100]
2025-08-20T20:32:34.437+05:30 TRACE 6688 --- [main] org.hibernate.orm.jdbc.bind              : binding parameter [3] as [VARCHAR] - [Test]
2025-08-20T20:32:34.438+05:30 TRACE 6688 --- [main] org.hibernate.orm.jdbc.bind              : binding parameter [4] as [INTEGER] - [10]
2025-08-20T20:32:34.472+05:30 DEBUG 6688 --- [main] org.hibernate.SQL                        : select p1_0.product_name,p1_0.price from product p1_0 where p1_0.brand=?
2025-08-20T20:32:34.473+05:30 TRACE 6688 --- [main] org.hibernate.orm.jdbc.bind              : binding parameter [1] as [VARCHAR] - [Brand]
2025-08-20T20:32:34.508+05:30 DEBUG 6688 --- [main] org.hibernate.SQL                        : insert into product (brand,price,product_name,quantity,product_id) values (?,?,?,?,default)
2025-08-20T20:32:34.509+05:30 TRACE 6688 --- [main] org.hibernate.orm.jdbc.bind              : binding parameter [1] as [VARCHAR] - [Brand]
2025-08-20T20:32:34.509+05:30 TRACE 6688 --- [main] org.hibernate.orm.jdbc.bind              : binding parameter [2] as [INTEGER] - [100]
2025-08-20T20:32:34.509+05:30 TRACE 6688 --- [main] org.hibernate.orm.jdbc.bind              : binding parameter [3] as [VARCHAR] - [Test]
2025-08-20T20:32:34.509+05:30 TRACE 6688 --- [main] org.hibernate.orm.jdbc.bind              : binding parameter [4] as [INTEGER] - [10]
2025-08-20T20:32:34.521+05:30 DEBUG 6688 --- [main] org.hibernate.SQL                        : insert into product (brand,price,product_name,quantity,product_id) values (?,?,?,?,default)
2025-08-20T20:32:34.521+05:30 TRACE 6688 --- [main] org.hibernate.orm.jdbc.bind              : binding parameter [1] as [VARCHAR] - [Brand]
2025-08-20T20:32:34.521+05:30 TRACE 6688 --- [main] org.hibernate.orm.jdbc.bind              : binding parameter [2] as [INTEGER] - [100]
2025-08-20T20:32:34.522+05:30 TRACE 6688 --- [main] org.hibernate.orm.jdbc.bind              : binding parameter [3] as [VARCHAR] - [Test]
2025-08-20T20:32:34.522+05:30 TRACE 6688 --- [main] org.hibernate.orm.jdbc.bind              : binding parameter [4] as [INTEGER] - [10]
2025-08-20T20:32:34.529+05:30 DEBUG 6688 --- [main] org.hibernate.SQL                        : insert into product (brand,price,product_name,quantity,product_id) values (?,?,?,?,default)
2025-08-20T20:32:34.529+05:30 TRACE 6688 --- [main] org.hibernate.orm.jdbc.bind              : binding parameter [1] as [VARCHAR] - [Brand]
2025-08-20T20:32:34.529+05:30 TRACE 6688 --- [main] org.hibernate.orm.jdbc.bind              : binding parameter [2] as [INTEGER] - [100]
2025-08-20T20:32:34.529+05:30 TRACE 6688 --- [main] org.hibernate.orm.jdbc.bind              : binding parameter [3] as [VARCHAR] - [Test]
2025-08-20T20:32:34.529+05:30 TRACE 6688 --- [main] org.hibernate.orm.jdbc.bind              : binding parameter [4] as [INTEGER] - [10]
2025-08-20T20:32:34.545+05:30 DEBUG 6688 --- [main] org.hibernate.SQL                        : select p1_0.product_id,p1_0.brand,p1_0.price,p1_0.product_name,p1_0.quantity from product p1_0 where p1_0.brand like ? escape '\' order by p1_0.price desc,p1_0.brand offset ? rows fetch first ? rows only
2025-08-20T20:32:34.546+05:30 TRACE 6688 --- [main] org.hibernate.orm.jdbc.bind              : binding parameter [1] as [VARCHAR] - [%Brand%]
2025-08-20T20:32:34.546+05:30 TRACE 6688 --- [main] org.hibernate.orm.jdbc.bind              : binding parameter [2] as [INTEGER] - [0]
2025-08-20T20:32:34.546+05:30 TRACE 6688 --- [main] org.hibernate.orm.jdbc.bind              : binding parameter [3] as [INTEGER] - [2]
2025-08-20T20:32:34.552+05:30  INFO 6688 --- [SpringApplicationShutdownHook] j.LocalContainerEntityManagerFactoryBean : Closing JPA EntityManagerFactory for persistence unit 'default'
